{"/Users/joao/Projects/solid/src/domain/models/account.ts": {"path":"/Users/joao/Projects/solid/src/domain/models/account.ts","statementMap":{"0":{"start":{"line":1,"column":0},"end":{"line":1,"column":31}},"1":{"start":{"line":2,"column":0},"end":{"line":2,"column":12}},"2":{"start":{"line":3,"column":0},"end":{"line":3,"column":14}},"3":{"start":{"line":4,"column":0},"end":{"line":4,"column":15}},"4":{"start":{"line":5,"column":0},"end":{"line":5,"column":18}},"5":{"start":{"line":6,"column":0},"end":{"line":6,"column":1}}},"s":{"0":0,"1":0,"2":0,"3":0,"4":0,"5":0},"branchMap":{"0":{"type":"branch","line":1,"loc":{"start":{"line":1,"column":0},"end":{"line":6,"column":1}},"locations":[{"start":{"line":1,"column":0},"end":{"line":6,"column":1}}]}},"b":{"0":[0]},"fnMap":{"0":{"name":"(empty-report)","decl":{"start":{"line":1,"column":0},"end":{"line":6,"column":1}},"loc":{"start":{"line":1,"column":0},"end":{"line":6,"column":1}},"line":1}},"f":{"0":0}}
,"/Users/joao/Projects/solid/src/domain/usecases/add-account.ts": {"path":"/Users/joao/Projects/solid/src/domain/usecases/add-account.ts","statementMap":{"0":{"start":{"line":1,"column":0},"end":{"line":1,"column":48}},"1":{"start":{"line":2,"column":0},"end":{"line":2,"column":0}},"2":{"start":{"line":3,"column":0},"end":{"line":3,"column":34}},"3":{"start":{"line":4,"column":0},"end":{"line":4,"column":14}},"4":{"start":{"line":5,"column":0},"end":{"line":5,"column":15}},"5":{"start":{"line":6,"column":0},"end":{"line":6,"column":18}},"6":{"start":{"line":7,"column":0},"end":{"line":7,"column":1}},"7":{"start":{"line":8,"column":0},"end":{"line":8,"column":0}},"8":{"start":{"line":9,"column":0},"end":{"line":9,"column":29}},"9":{"start":{"line":10,"column":0},"end":{"line":10,"column":58}},"10":{"start":{"line":11,"column":0},"end":{"line":11,"column":1}}},"s":{"0":0,"1":0,"2":0,"3":0,"4":0,"5":0,"6":0,"7":0,"8":0,"9":0,"10":0},"branchMap":{"0":{"type":"branch","line":1,"loc":{"start":{"line":1,"column":0},"end":{"line":11,"column":1}},"locations":[{"start":{"line":1,"column":0},"end":{"line":11,"column":1}}]}},"b":{"0":[0]},"fnMap":{"0":{"name":"(empty-report)","decl":{"start":{"line":1,"column":0},"end":{"line":11,"column":1}},"loc":{"start":{"line":1,"column":0},"end":{"line":11,"column":1}},"line":1}},"f":{"0":0}}
,"/Users/joao/Projects/solid/src/presentation/controllers/signup/signup-protocols.ts": {"path":"/Users/joao/Projects/solid/src/presentation/controllers/signup/signup-protocols.ts","statementMap":{"0":{"start":{"line":1,"column":0},"end":{"line":1,"column":31}},"1":{"start":{"line":2,"column":0},"end":{"line":2,"column":47}},"2":{"start":{"line":3,"column":0},"end":{"line":3,"column":52}},"3":{"start":{"line":4,"column":0},"end":{"line":4,"column":46}}},"s":{"0":0,"1":0,"2":0,"3":0},"branchMap":{"0":{"type":"branch","line":1,"loc":{"start":{"line":1,"column":0},"end":{"line":4,"column":46}},"locations":[{"start":{"line":1,"column":0},"end":{"line":4,"column":46}}]}},"b":{"0":[0]},"fnMap":{"0":{"name":"(empty-report)","decl":{"start":{"line":1,"column":0},"end":{"line":4,"column":46}},"loc":{"start":{"line":1,"column":0},"end":{"line":4,"column":46}},"line":1}},"f":{"0":0}}
,"/Users/joao/Projects/solid/src/presentation/controllers/signup/signup.ts": {"path":"/Users/joao/Projects/solid/src/presentation/controllers/signup/signup.ts","statementMap":{"0":{"start":{"line":1,"column":0},"end":{"line":1,"column":61}},"1":{"start":{"line":2,"column":0},"end":{"line":2,"column":102}},"2":{"start":{"line":3,"column":0},"end":{"line":3,"column":67}},"3":{"start":{"line":4,"column":0},"end":{"line":4,"column":71}},"4":{"start":{"line":5,"column":0},"end":{"line":5,"column":0}},"5":{"start":{"line":6,"column":0},"end":{"line":6,"column":53}},"6":{"start":{"line":7,"column":0},"end":{"line":7,"column":49}},"7":{"start":{"line":8,"column":0},"end":{"line":8,"column":41}},"8":{"start":{"line":9,"column":0},"end":{"line":9,"column":0}},"9":{"start":{"line":10,"column":0},"end":{"line":10,"column":71}},"10":{"start":{"line":11,"column":0},"end":{"line":11,"column":40}},"11":{"start":{"line":12,"column":0},"end":{"line":12,"column":31}},"12":{"start":{"line":13,"column":0},"end":{"line":13,"column":3}},"13":{"start":{"line":14,"column":0},"end":{"line":14,"column":0}},"14":{"start":{"line":15,"column":0},"end":{"line":15,"column":66}},"15":{"start":{"line":16,"column":0},"end":{"line":16,"column":9}},"16":{"start":{"line":17,"column":0},"end":{"line":17,"column":82}},"17":{"start":{"line":18,"column":0},"end":{"line":18,"column":43}},"18":{"start":{"line":19,"column":0},"end":{"line":19,"column":39}},"19":{"start":{"line":20,"column":0},"end":{"line":20,"column":57}},"20":{"start":{"line":21,"column":0},"end":{"line":21,"column":9}},"21":{"start":{"line":22,"column":0},"end":{"line":22,"column":7}},"22":{"start":{"line":23,"column":0},"end":{"line":23,"column":0}},"23":{"start":{"line":24,"column":0},"end":{"line":24,"column":78}},"24":{"start":{"line":25,"column":0},"end":{"line":25,"column":0}},"25":{"start":{"line":26,"column":0},"end":{"line":26,"column":46}},"26":{"start":{"line":27,"column":0},"end":{"line":27,"column":72}},"27":{"start":{"line":28,"column":0},"end":{"line":28,"column":7}},"28":{"start":{"line":29,"column":0},"end":{"line":29,"column":0}},"29":{"start":{"line":30,"column":0},"end":{"line":30,"column":56}},"30":{"start":{"line":31,"column":0},"end":{"line":31,"column":21}},"31":{"start":{"line":32,"column":0},"end":{"line":32,"column":57}},"32":{"start":{"line":33,"column":0},"end":{"line":33,"column":7}},"33":{"start":{"line":34,"column":0},"end":{"line":34,"column":0}},"34":{"start":{"line":35,"column":0},"end":{"line":35,"column":49}},"35":{"start":{"line":36,"column":0},"end":{"line":36,"column":13}},"36":{"start":{"line":37,"column":0},"end":{"line":37,"column":14}},"37":{"start":{"line":38,"column":0},"end":{"line":38,"column":16}},"38":{"start":{"line":39,"column":0},"end":{"line":39,"column":8}},"39":{"start":{"line":40,"column":0},"end":{"line":40,"column":0}},"40":{"start":{"line":41,"column":0},"end":{"line":41,"column":24}},"41":{"start":{"line":42,"column":0},"end":{"line":42,"column":21}},"42":{"start":{"line":43,"column":0},"end":{"line":43,"column":26}},"43":{"start":{"line":44,"column":0},"end":{"line":44,"column":26}},"44":{"start":{"line":45,"column":0},"end":{"line":45,"column":5}},"45":{"start":{"line":46,"column":0},"end":{"line":46,"column":3}},"46":{"start":{"line":47,"column":0},"end":{"line":47,"column":1}}},"s":{"0":1,"1":1,"2":1,"3":1,"4":1,"5":1,"6":1,"7":1,"8":1,"9":1,"10":11,"11":11,"12":11,"13":1,"14":1,"15":11,"16":11,"17":11,"18":38,"19":4,"20":4,"21":38,"22":7,"23":7,"24":7,"25":11,"26":1,"27":1,"28":6,"29":6,"30":11,"31":1,"32":1,"33":4,"34":4,"35":4,"36":4,"37":4,"38":4,"39":3,"40":3,"41":11,"42":2,"43":2,"44":2,"45":0,"46":1},"branchMap":{"0":{"type":"branch","line":47,"loc":{"start":{"line":47,"column":1},"end":{"line":47,"column":1}},"locations":[{"start":{"line":47,"column":1},"end":{"line":47,"column":1}}]},"1":{"type":"branch","line":10,"loc":{"start":{"line":10,"column":2},"end":{"line":13,"column":3}},"locations":[{"start":{"line":10,"column":2},"end":{"line":13,"column":3}}]},"2":{"type":"branch","line":15,"loc":{"start":{"line":15,"column":2},"end":{"line":46,"column":3}},"locations":[{"start":{"line":15,"column":2},"end":{"line":46,"column":3}}]},"3":{"type":"branch","line":18,"loc":{"start":{"line":18,"column":42},"end":{"line":22,"column":7}},"locations":[{"start":{"line":18,"column":42},"end":{"line":22,"column":7}}]},"4":{"type":"branch","line":19,"loc":{"start":{"line":19,"column":38},"end":{"line":21,"column":9}},"locations":[{"start":{"line":19,"column":38},"end":{"line":21,"column":9}}]},"5":{"type":"branch","line":22,"loc":{"start":{"line":22,"column":7},"end":{"line":26,"column":45}},"locations":[{"start":{"line":22,"column":7},"end":{"line":26,"column":45}}]},"6":{"type":"branch","line":26,"loc":{"start":{"line":26,"column":45},"end":{"line":28,"column":7}},"locations":[{"start":{"line":26,"column":45},"end":{"line":28,"column":7}}]},"7":{"type":"branch","line":28,"loc":{"start":{"line":28,"column":7},"end":{"line":31,"column":20}},"locations":[{"start":{"line":28,"column":7},"end":{"line":31,"column":20}}]},"8":{"type":"branch","line":31,"loc":{"start":{"line":31,"column":20},"end":{"line":33,"column":7}},"locations":[{"start":{"line":31,"column":20},"end":{"line":33,"column":7}}]},"9":{"type":"branch","line":33,"loc":{"start":{"line":33,"column":7},"end":{"line":39,"column":8}},"locations":[{"start":{"line":33,"column":7},"end":{"line":39,"column":8}}]},"10":{"type":"branch","line":39,"loc":{"start":{"line":39,"column":8},"end":{"line":42,"column":6}},"locations":[{"start":{"line":39,"column":8},"end":{"line":42,"column":6}}]},"11":{"type":"branch","line":42,"loc":{"start":{"line":42,"column":5},"end":{"line":42,"column":13}},"locations":[{"start":{"line":42,"column":5},"end":{"line":42,"column":13}}]},"12":{"type":"branch","line":42,"loc":{"start":{"line":42,"column":6},"end":{"line":45,"column":5}},"locations":[{"start":{"line":42,"column":6},"end":{"line":45,"column":5}}]},"13":{"type":"branch","line":45,"loc":{"start":{"line":45,"column":5},"end":{"line":46,"column":3}},"locations":[{"start":{"line":45,"column":5},"end":{"line":46,"column":3}}]}},"b":{"0":[1],"1":[11],"2":[11],"3":[38],"4":[4],"5":[7],"6":[1],"7":[6],"8":[1],"9":[4],"10":[3],"11":[0],"12":[2],"13":[0]},"fnMap":{"0":{"name":"SignUpController","decl":{"start":{"line":10,"column":2},"end":{"line":13,"column":3}},"loc":{"start":{"line":10,"column":2},"end":{"line":13,"column":3}},"line":10},"1":{"name":"handle","decl":{"start":{"line":15,"column":2},"end":{"line":46,"column":3}},"loc":{"start":{"line":15,"column":2},"end":{"line":46,"column":3}},"line":15}},"f":{"0":11,"1":11}}
,"/Users/joao/Projects/solid/src/presentation/errors/index.ts": {"path":"/Users/joao/Projects/solid/src/presentation/errors/index.ts","statementMap":{"0":{"start":{"line":1,"column":0},"end":{"line":1,"column":37}},"1":{"start":{"line":2,"column":0},"end":{"line":2,"column":37}},"2":{"start":{"line":3,"column":0},"end":{"line":3,"column":30}}},"s":{"0":1,"1":1,"2":1},"branchMap":{"0":{"type":"branch","line":3,"loc":{"start":{"line":3,"column":30},"end":{"line":3,"column":30}},"locations":[{"start":{"line":3,"column":30},"end":{"line":3,"column":30}}]},"1":{"type":"branch","line":3,"loc":{"start":{"line":3,"column":30},"end":{"line":3,"column":30}},"locations":[{"start":{"line":3,"column":30},"end":{"line":3,"column":30}}]},"2":{"type":"branch","line":3,"loc":{"start":{"line":3,"column":30},"end":{"line":3,"column":30}},"locations":[{"start":{"line":3,"column":30},"end":{"line":3,"column":30}}]},"3":{"type":"branch","line":3,"loc":{"start":{"line":3,"column":30},"end":{"line":3,"column":30}},"locations":[{"start":{"line":3,"column":30},"end":{"line":3,"column":30}}]},"4":{"type":"branch","line":3,"loc":{"start":{"line":3,"column":30},"end":{"line":3,"column":30}},"locations":[{"start":{"line":3,"column":30},"end":{"line":3,"column":30}}]},"5":{"type":"branch","line":3,"loc":{"start":{"line":3,"column":30},"end":{"line":3,"column":30}},"locations":[{"start":{"line":3,"column":30},"end":{"line":3,"column":30}}]}},"b":{"0":[1],"1":[0],"2":[3],"3":[16],"4":[0],"5":[3]},"fnMap":{"0":{"name":"get","decl":{"start":{"line":3,"column":30},"end":{"line":3,"column":30}},"loc":{"start":{"line":3,"column":30},"end":{"line":3,"column":30}},"line":3},"1":{"name":"__exportStar","decl":{"start":{"line":3,"column":30},"end":{"line":3,"column":30}},"loc":{"start":{"line":3,"column":30},"end":{"line":3,"column":30}},"line":3}},"f":{"0":16,"1":3}}
,"/Users/joao/Projects/solid/src/presentation/errors/invalid-param-error.ts": {"path":"/Users/joao/Projects/solid/src/presentation/errors/invalid-param-error.ts","statementMap":{"0":{"start":{"line":1,"column":0},"end":{"line":1,"column":46}},"1":{"start":{"line":2,"column":0},"end":{"line":2,"column":35}},"2":{"start":{"line":3,"column":0},"end":{"line":3,"column":40}},"3":{"start":{"line":4,"column":0},"end":{"line":4,"column":35}},"4":{"start":{"line":5,"column":0},"end":{"line":5,"column":3}},"5":{"start":{"line":6,"column":0},"end":{"line":6,"column":1}}},"s":{"0":1,"1":1,"2":4,"3":4,"4":4,"5":1},"branchMap":{"0":{"type":"branch","line":6,"loc":{"start":{"line":6,"column":1},"end":{"line":6,"column":1}},"locations":[{"start":{"line":6,"column":1},"end":{"line":6,"column":1}}]},"1":{"type":"branch","line":2,"loc":{"start":{"line":2,"column":2},"end":{"line":5,"column":3}},"locations":[{"start":{"line":2,"column":2},"end":{"line":5,"column":3}}]}},"b":{"0":[1],"1":[4]},"fnMap":{"0":{"name":"InvalidParamError","decl":{"start":{"line":2,"column":2},"end":{"line":5,"column":3}},"loc":{"start":{"line":2,"column":2},"end":{"line":5,"column":3}},"line":2}},"f":{"0":4}}
,"/Users/joao/Projects/solid/src/presentation/errors/missing-param-error.ts": {"path":"/Users/joao/Projects/solid/src/presentation/errors/missing-param-error.ts","statementMap":{"0":{"start":{"line":1,"column":0},"end":{"line":1,"column":46}},"1":{"start":{"line":2,"column":0},"end":{"line":2,"column":35}},"2":{"start":{"line":3,"column":0},"end":{"line":3,"column":40}},"3":{"start":{"line":4,"column":0},"end":{"line":4,"column":35}},"4":{"start":{"line":5,"column":0},"end":{"line":5,"column":3}},"5":{"start":{"line":6,"column":0},"end":{"line":6,"column":1}}},"s":{"0":1,"1":1,"2":8,"3":8,"4":8,"5":1},"branchMap":{"0":{"type":"branch","line":6,"loc":{"start":{"line":6,"column":1},"end":{"line":6,"column":1}},"locations":[{"start":{"line":6,"column":1},"end":{"line":6,"column":1}}]},"1":{"type":"branch","line":2,"loc":{"start":{"line":2,"column":2},"end":{"line":5,"column":3}},"locations":[{"start":{"line":2,"column":2},"end":{"line":5,"column":3}}]}},"b":{"0":[1],"1":[8]},"fnMap":{"0":{"name":"MissingParamError","decl":{"start":{"line":2,"column":2},"end":{"line":5,"column":3}},"loc":{"start":{"line":2,"column":2},"end":{"line":5,"column":3}},"line":2}},"f":{"0":8}}
,"/Users/joao/Projects/solid/src/presentation/errors/server-error.ts": {"path":"/Users/joao/Projects/solid/src/presentation/errors/server-error.ts","statementMap":{"0":{"start":{"line":1,"column":0},"end":{"line":1,"column":40}},"1":{"start":{"line":2,"column":0},"end":{"line":2,"column":18}},"2":{"start":{"line":3,"column":0},"end":{"line":3,"column":34}},"3":{"start":{"line":4,"column":0},"end":{"line":4,"column":29}},"4":{"start":{"line":5,"column":0},"end":{"line":5,"column":3}},"5":{"start":{"line":6,"column":0},"end":{"line":6,"column":1}}},"s":{"0":1,"1":1,"2":4,"3":4,"4":4,"5":1},"branchMap":{"0":{"type":"branch","line":6,"loc":{"start":{"line":6,"column":1},"end":{"line":6,"column":1}},"locations":[{"start":{"line":6,"column":1},"end":{"line":6,"column":1}}]},"1":{"type":"branch","line":2,"loc":{"start":{"line":2,"column":2},"end":{"line":5,"column":3}},"locations":[{"start":{"line":2,"column":2},"end":{"line":5,"column":3}}]}},"b":{"0":[1],"1":[4]},"fnMap":{"0":{"name":"ServerError","decl":{"start":{"line":2,"column":2},"end":{"line":5,"column":3}},"loc":{"start":{"line":2,"column":2},"end":{"line":5,"column":3}},"line":2}},"f":{"0":4}}
,"/Users/joao/Projects/solid/src/presentation/helpers/http-helper.ts": {"path":"/Users/joao/Projects/solid/src/presentation/helpers/http-helper.ts","statementMap":{"0":{"start":{"line":1,"column":0},"end":{"line":1,"column":0}},"1":{"start":{"line":2,"column":0},"end":{"line":2,"column":39}},"2":{"start":{"line":3,"column":0},"end":{"line":3,"column":48}},"3":{"start":{"line":4,"column":0},"end":{"line":4,"column":0}},"4":{"start":{"line":5,"column":0},"end":{"line":5,"column":60}},"5":{"start":{"line":6,"column":0},"end":{"line":6,"column":0}},"6":{"start":{"line":7,"column":0},"end":{"line":7,"column":18}},"7":{"start":{"line":8,"column":0},"end":{"line":8,"column":13}},"8":{"start":{"line":9,"column":0},"end":{"line":9,"column":2}},"9":{"start":{"line":10,"column":0},"end":{"line":10,"column":0}},"10":{"start":{"line":11,"column":0},"end":{"line":11,"column":49}},"11":{"start":{"line":12,"column":0},"end":{"line":12,"column":0}},"12":{"start":{"line":13,"column":0},"end":{"line":13,"column":18}},"13":{"start":{"line":14,"column":0},"end":{"line":14,"column":25}},"14":{"start":{"line":15,"column":0},"end":{"line":15,"column":2}},"15":{"start":{"line":16,"column":0},"end":{"line":16,"column":0}},"16":{"start":{"line":17,"column":0},"end":{"line":17,"column":49}},"17":{"start":{"line":18,"column":0},"end":{"line":18,"column":0}},"18":{"start":{"line":19,"column":0},"end":{"line":19,"column":18}},"19":{"start":{"line":20,"column":0},"end":{"line":20,"column":12}},"20":{"start":{"line":21,"column":0},"end":{"line":21,"column":2}}},"s":{"0":1,"1":1,"2":1,"3":1,"4":1,"5":6,"6":6,"7":6,"8":6,"9":1,"10":1,"11":2,"12":2,"13":2,"14":2,"15":1,"16":1,"17":3,"18":3,"19":3,"20":3},"branchMap":{"0":{"type":"branch","line":21,"loc":{"start":{"line":21,"column":2},"end":{"line":21,"column":2}},"locations":[{"start":{"line":21,"column":2},"end":{"line":21,"column":2}}]},"1":{"type":"branch","line":5,"loc":{"start":{"line":5,"column":26},"end":{"line":9,"column":2}},"locations":[{"start":{"line":5,"column":26},"end":{"line":9,"column":2}}]},"2":{"type":"branch","line":11,"loc":{"start":{"line":11,"column":27},"end":{"line":15,"column":2}},"locations":[{"start":{"line":11,"column":27},"end":{"line":15,"column":2}}]},"3":{"type":"branch","line":17,"loc":{"start":{"line":17,"column":18},"end":{"line":21,"column":2}},"locations":[{"start":{"line":17,"column":18},"end":{"line":21,"column":2}}]}},"b":{"0":[1],"1":[6],"2":[2],"3":[3]},"fnMap":{"0":{"name":"exports.badRequest","decl":{"start":{"line":5,"column":26},"end":{"line":9,"column":2}},"loc":{"start":{"line":5,"column":26},"end":{"line":9,"column":2}},"line":5},"1":{"name":"exports.serverError","decl":{"start":{"line":11,"column":27},"end":{"line":15,"column":2}},"loc":{"start":{"line":11,"column":27},"end":{"line":15,"column":2}},"line":11},"2":{"name":"exports.ok","decl":{"start":{"line":17,"column":18},"end":{"line":21,"column":2}},"loc":{"start":{"line":17,"column":18},"end":{"line":21,"column":2}},"line":17}},"f":{"0":6,"1":2,"2":3}}
,"/Users/joao/Projects/solid/src/presentation/protocols/controller.ts": {"path":"/Users/joao/Projects/solid/src/presentation/protocols/controller.ts","statementMap":{"0":{"start":{"line":1,"column":0},"end":{"line":1,"column":49}},"1":{"start":{"line":2,"column":0},"end":{"line":2,"column":0}},"2":{"start":{"line":3,"column":0},"end":{"line":3,"column":29}},"3":{"start":{"line":4,"column":0},"end":{"line":4,"column":61}},"4":{"start":{"line":5,"column":0},"end":{"line":5,"column":1}}},"s":{"0":0,"1":0,"2":0,"3":0,"4":0},"branchMap":{"0":{"type":"branch","line":1,"loc":{"start":{"line":1,"column":0},"end":{"line":5,"column":1}},"locations":[{"start":{"line":1,"column":0},"end":{"line":5,"column":1}}]}},"b":{"0":[0]},"fnMap":{"0":{"name":"(empty-report)","decl":{"start":{"line":1,"column":0},"end":{"line":5,"column":1}},"loc":{"start":{"line":1,"column":0},"end":{"line":5,"column":1}},"line":1}},"f":{"0":0}}
,"/Users/joao/Projects/solid/src/presentation/protocols/email-validator.ts": {"path":"/Users/joao/Projects/solid/src/presentation/protocols/email-validator.ts","statementMap":{"0":{"start":{"line":1,"column":0},"end":{"line":1,"column":33}},"1":{"start":{"line":2,"column":0},"end":{"line":2,"column":37}},"2":{"start":{"line":3,"column":0},"end":{"line":3,"column":1}}},"s":{"0":0,"1":0,"2":0},"branchMap":{"0":{"type":"branch","line":1,"loc":{"start":{"line":1,"column":0},"end":{"line":3,"column":1}},"locations":[{"start":{"line":1,"column":0},"end":{"line":3,"column":1}}]}},"b":{"0":[0]},"fnMap":{"0":{"name":"(empty-report)","decl":{"start":{"line":1,"column":0},"end":{"line":3,"column":1}},"loc":{"start":{"line":1,"column":0},"end":{"line":3,"column":1}},"line":1}},"f":{"0":0}}
,"/Users/joao/Projects/solid/src/presentation/protocols/http.ts": {"path":"/Users/joao/Projects/solid/src/presentation/protocols/http.ts","statementMap":{"0":{"start":{"line":1,"column":0},"end":{"line":1,"column":31}},"1":{"start":{"line":2,"column":0},"end":{"line":2,"column":20}},"2":{"start":{"line":3,"column":0},"end":{"line":3,"column":11}},"3":{"start":{"line":4,"column":0},"end":{"line":4,"column":1}},"4":{"start":{"line":5,"column":0},"end":{"line":5,"column":0}},"5":{"start":{"line":6,"column":0},"end":{"line":6,"column":30}},"6":{"start":{"line":7,"column":0},"end":{"line":7,"column":12}},"7":{"start":{"line":8,"column":0},"end":{"line":8,"column":1}}},"s":{"0":0,"1":0,"2":0,"3":0,"4":0,"5":0,"6":0,"7":0},"branchMap":{"0":{"type":"branch","line":1,"loc":{"start":{"line":1,"column":0},"end":{"line":8,"column":1}},"locations":[{"start":{"line":1,"column":0},"end":{"line":8,"column":1}}]}},"b":{"0":[0]},"fnMap":{"0":{"name":"(empty-report)","decl":{"start":{"line":1,"column":0},"end":{"line":8,"column":1}},"loc":{"start":{"line":1,"column":0},"end":{"line":8,"column":1}},"line":1}},"f":{"0":0}}
,"/Users/joao/Projects/solid/src/presentation/protocols/index.ts": {"path":"/Users/joao/Projects/solid/src/presentation/protocols/index.ts","statementMap":{"0":{"start":{"line":1,"column":0},"end":{"line":1,"column":28}},"1":{"start":{"line":2,"column":0},"end":{"line":2,"column":22}}},"s":{"0":0,"1":0},"branchMap":{"0":{"type":"branch","line":1,"loc":{"start":{"line":1,"column":0},"end":{"line":2,"column":22}},"locations":[{"start":{"line":1,"column":0},"end":{"line":2,"column":22}}]}},"b":{"0":[0]},"fnMap":{"0":{"name":"(empty-report)","decl":{"start":{"line":1,"column":0},"end":{"line":2,"column":22}},"loc":{"start":{"line":1,"column":0},"end":{"line":2,"column":22}},"line":1}},"f":{"0":0}}
}
