TN:
SF:src/domain/models/account.ts
FN:1,(empty-report)
FNF:1
FNH:0
FNDA:0,(empty-report)
DA:1,0
DA:2,0
DA:3,0
DA:4,0
DA:5,0
DA:6,0
LF:6
LH:0
BRDA:1,0,0,0
BRF:1
BRH:0
end_of_record
TN:
SF:src/domain/usecases/add-account.ts
FN:1,(empty-report)
FNF:1
FNH:0
FNDA:0,(empty-report)
DA:1,0
DA:2,0
DA:3,0
DA:4,0
DA:5,0
DA:6,0
DA:7,0
DA:8,0
DA:9,0
DA:10,0
DA:11,0
LF:11
LH:0
BRDA:1,0,0,0
BRF:1
BRH:0
end_of_record
TN:
SF:src/presentation/controllers/signup/signup-protocols.ts
FN:1,(empty-report)
FNF:1
FNH:0
FNDA:0,(empty-report)
DA:1,0
DA:2,0
DA:3,0
DA:4,0
LF:4
LH:0
BRDA:1,0,0,0
BRF:1
BRH:0
end_of_record
TN:
SF:src/presentation/controllers/signup/signup.ts
FN:10,SignUpController
FN:15,handle
FNF:2
FNH:2
FNDA:11,SignUpController
FNDA:11,handle
DA:1,1
DA:2,1
DA:3,1
DA:4,1
DA:5,1
DA:6,1
DA:7,1
DA:8,1
DA:9,1
DA:10,1
DA:11,11
DA:12,11
DA:13,11
DA:14,1
DA:15,1
DA:16,11
DA:17,11
DA:18,11
DA:19,38
DA:20,4
DA:21,4
DA:22,38
DA:23,7
DA:24,7
DA:25,7
DA:26,11
DA:27,1
DA:28,1
DA:29,6
DA:30,6
DA:31,11
DA:32,1
DA:33,1
DA:34,4
DA:35,4
DA:36,4
DA:37,4
DA:38,4
DA:39,4
DA:40,3
DA:41,3
DA:42,11
DA:43,2
DA:44,2
DA:45,2
DA:46,0
DA:47,1
LF:47
LH:46
BRDA:47,0,0,1
BRDA:10,1,0,11
BRDA:15,2,0,11
BRDA:18,3,0,38
BRDA:19,4,0,4
BRDA:22,5,0,7
BRDA:26,6,0,1
BRDA:28,7,0,6
BRDA:31,8,0,1
BRDA:33,9,0,4
BRDA:39,10,0,3
BRDA:42,11,0,0
BRDA:42,12,0,2
BRDA:45,13,0,0
BRF:14
BRH:12
end_of_record
TN:
SF:src/presentation/errors/index.ts
FN:3,get
FN:3,__exportStar
FNF:2
FNH:2
FNDA:16,get
FNDA:3,__exportStar
DA:1,1
DA:2,1
DA:3,1
LF:3
LH:3
BRDA:3,0,0,1
BRDA:3,1,0,0
BRDA:3,2,0,3
BRDA:3,3,0,16
BRDA:3,4,0,0
BRDA:3,5,0,3
BRF:6
BRH:4
end_of_record
TN:
SF:src/presentation/errors/invalid-param-error.ts
FN:2,InvalidParamError
FNF:1
FNH:1
FNDA:4,InvalidParamError
DA:1,1
DA:2,1
DA:3,4
DA:4,4
DA:5,4
DA:6,1
LF:6
LH:6
BRDA:6,0,0,1
BRDA:2,1,0,4
BRF:2
BRH:2
end_of_record
TN:
SF:src/presentation/errors/missing-param-error.ts
FN:2,MissingParamError
FNF:1
FNH:1
FNDA:8,MissingParamError
DA:1,1
DA:2,1
DA:3,8
DA:4,8
DA:5,8
DA:6,1
LF:6
LH:6
BRDA:6,0,0,1
BRDA:2,1,0,8
BRF:2
BRH:2
end_of_record
TN:
SF:src/presentation/errors/server-error.ts
FN:2,ServerError
FNF:1
FNH:1
FNDA:4,ServerError
DA:1,1
DA:2,1
DA:3,4
DA:4,4
DA:5,4
DA:6,1
LF:6
LH:6
BRDA:6,0,0,1
BRDA:2,1,0,4
BRF:2
BRH:2
end_of_record
TN:
SF:src/presentation/helpers/http-helper.ts
FN:5,exports.badRequest
FN:11,exports.serverError
FN:17,exports.ok
FNF:3
FNH:3
FNDA:6,exports.badRequest
FNDA:2,exports.serverError
FNDA:3,exports.ok
DA:1,1
DA:2,1
DA:3,1
DA:4,1
DA:5,1
DA:6,6
DA:7,6
DA:8,6
DA:9,6
DA:10,1
DA:11,1
DA:12,2
DA:13,2
DA:14,2
DA:15,2
DA:16,1
DA:17,1
DA:18,3
DA:19,3
DA:20,3
DA:21,3
LF:21
LH:21
BRDA:21,0,0,1
BRDA:5,1,0,6
BRDA:11,2,0,2
BRDA:17,3,0,3
BRF:4
BRH:4
end_of_record
TN:
SF:src/presentation/protocols/controller.ts
FN:1,(empty-report)
FNF:1
FNH:0
FNDA:0,(empty-report)
DA:1,0
DA:2,0
DA:3,0
DA:4,0
DA:5,0
LF:5
LH:0
BRDA:1,0,0,0
BRF:1
BRH:0
end_of_record
TN:
SF:src/presentation/protocols/email-validator.ts
FN:1,(empty-report)
FNF:1
FNH:0
FNDA:0,(empty-report)
DA:1,0
DA:2,0
DA:3,0
LF:3
LH:0
BRDA:1,0,0,0
BRF:1
BRH:0
end_of_record
TN:
SF:src/presentation/protocols/http.ts
FN:1,(empty-report)
FNF:1
FNH:0
FNDA:0,(empty-report)
DA:1,0
DA:2,0
DA:3,0
DA:4,0
DA:5,0
DA:6,0
DA:7,0
DA:8,0
LF:8
LH:0
BRDA:1,0,0,0
BRF:1
BRH:0
end_of_record
TN:
SF:src/presentation/protocols/index.ts
FN:1,(empty-report)
FNF:1
FNH:0
FNDA:0,(empty-report)
DA:1,0
DA:2,0
LF:2
LH:0
BRDA:1,0,0,0
BRF:1
BRH:0
end_of_record
